2025-10-27 07:57:00,894 - INFO - Added 10 of apple
2025-10-27 07:57:00,894 - INFO - Added 5 of banana
2025-10-27 07:57:00,894 - INFO - Added 2 of orange
2025-10-27 07:57:00,895 - INFO - Removed 3 of apple
2025-10-27 07:57:00,895 - INFO - Removed 1 of orange
2025-10-27 07:57:00,895 - INFO - Data saved successfully to inventory.json
2025-10-27 07:57:00,895 - INFO - Data loaded successfully from inventory.json
2025-10-27 08:02:26,906 - INFO - Added 10 of apple
2025-10-27 08:02:26,907 - INFO - Added 5 of banana
2025-10-27 08:02:26,907 - INFO - Added 2 of orange
2025-10-27 08:02:26,907 - INFO - Removed 3 of apple
2025-10-27 08:02:26,907 - INFO - Removed 1 of orange
2025-10-27 08:02:26,907 - INFO - Data saved successfully to inventory.json
2025-10-27 08:02:26,907 - INFO - Data loaded successfully from inventory.json
2025-10-27 08:03:39,994 - INFO - Added 10 of apple
2025-10-27 08:03:39,994 - INFO - Added 5 of banana
2025-10-27 08:03:39,995 - INFO - Added 2 of orange
2025-10-27 08:03:39,995 - INFO - Removed 3 of apple
2025-10-27 08:03:39,995 - INFO - Removed 1 of orange
2025-10-27 08:03:39,995 - INFO - Data saved successfully to inventory.json
2025-10-27 08:03:39,995 - INFO - Data loaded successfully from inventory.json
2025-10-27 08:05:09,597 - INFO - Added 10 of apple
2025-10-27 08:05:09,597 - INFO - Added 5 of banana
2025-10-27 08:05:09,597 - INFO - Added 2 of orange
2025-10-27 08:05:09,598 - INFO - Removed 3 of apple
2025-10-27 08:05:09,598 - INFO - Removed 1 of orange
2025-10-27 08:05:09,598 - INFO - Data saved successfully to inventory.json
2025-10-27 08:05:09,598 - INFO - Data loaded successfully from inventory.json
